<?xml version="1.0" encoding="UTF-8"?>
<coverage generated="1709065418363" clover="3.2.0">
  <project timestamp="1709065418364" name="All files">
    <metrics statements="20" coveredstatements="15" conditionals="4" coveredconditionals="2" methods="8" coveredmethods="6" elements="32" coveredelements="23" complexity="0" loc="20" ncloc="20" packages="3" files="3" classes="3"/>
    <package name="@shared.event">
      <metrics statements="15" coveredstatements="10" conditionals="4" coveredconditionals="2" methods="6" coveredmethods="4"/>
      <file name="event-dispatcher.ts" path="C:\Users\jonas\Desktop\fc-ddd-patterns\src\domain\@shared\event\event-dispatcher.ts">
        <metrics statements="15" coveredstatements="10" conditionals="4" coveredconditionals="2" methods="6" coveredmethods="4"/>
        <line num="5" count="1" type="stmt"/>
        <line num="6" count="1" type="stmt"/>
        <line num="9" count="1" type="stmt"/>
        <line num="13" count="1" type="cond" truecount="1" falsecount="0"/>
        <line num="14" count="1" type="stmt"/>
        <line num="16" count="1" type="stmt"/>
        <line num="20" count="0" type="cond" truecount="0" falsecount="1"/>
        <line num="21" count="0" type="stmt"/>
        <line num="22" count="0" type="cond" truecount="0" falsecount="1"/>
        <line num="23" count="0" type="stmt"/>
        <line num="29" count="0" type="stmt"/>
        <line num="33" count="1" type="stmt"/>
        <line num="34" count="1" type="cond" truecount="1" falsecount="0"/>
        <line num="35" count="1" type="stmt"/>
        <line num="36" count="1" type="stmt"/>
      </file>
    </package>
    <package name="product.event">
      <metrics statements="3" coveredstatements="3" conditionals="0" coveredconditionals="0" methods="1" coveredmethods="1"/>
      <file name="product-created.event.ts" path="C:\Users\jonas\Desktop\fc-ddd-patterns\src\domain\product\event\product-created.event.ts">
        <metrics statements="3" coveredstatements="3" conditionals="0" coveredconditionals="0" methods="1" coveredmethods="1"/>
        <line num="3" count="1" type="stmt"/>
        <line num="8" count="1" type="stmt"/>
        <line num="9" count="1" type="stmt"/>
      </file>
    </package>
    <package name="product.event.handler">
      <metrics statements="2" coveredstatements="2" conditionals="0" coveredconditionals="0" methods="1" coveredmethods="1"/>
      <file name="send-email-when-product-is-created.handler.ts" path="C:\Users\jonas\Desktop\fc-ddd-patterns\src\domain\product\event\handler\send-email-when-product-is-created.handler.ts">
        <metrics statements="2" coveredstatements="2" conditionals="0" coveredconditionals="0" methods="1" coveredmethods="1"/>
        <line num="4" count="1" type="stmt"/>
        <line num="8" count="1" type="stmt"/>
      </file>
    </package>
  </project>
</coverage>
