TN:
SF:src\domain\checkout\entity\order.ts
FN:8,(anonymous_1)
FN:16,(anonymous_2)
FN:20,(anonymous_3)
FN:24,(anonymous_4)
FN:28,(anonymous_5)
FN:34,(anonymous_6)
FN:45,(anonymous_7)
FN:52,(anonymous_8)
FN:53,(anonymous_9)
FNF:9
FNH:8
FNDA:4,(anonymous_1)
FNDA:2,(anonymous_2)
FNDA:2,(anonymous_3)
FNDA:2,(anonymous_4)
FNDA:0,(anonymous_5)
FNDA:4,(anonymous_6)
FNDA:4,(anonymous_7)
FNDA:6,(anonymous_8)
FNDA:6,(anonymous_9)
DA:2,4
DA:9,4
DA:10,4
DA:11,4
DA:12,4
DA:13,4
DA:17,2
DA:21,2
DA:25,2
DA:29,0
DA:30,0
DA:35,4
DA:36,0
DA:38,4
DA:39,0
DA:41,4
DA:42,0
DA:45,4
DA:46,0
DA:49,4
DA:53,6
LF:21
LH:15
BRDA:35,0,0,0
BRDA:38,1,0,0
BRDA:41,2,0,0
BRDA:45,3,0,0
BRF:4
BRH:0
end_of_record
TN:
SF:src\domain\checkout\entity\order_item.ts
FN:9,(anonymous_1)
FN:24,(anonymous_2)
FN:46,(anonymous_3)
FN:50,(anonymous_4)
FN:54,(anonymous_5)
FN:58,(anonymous_6)
FN:62,(anonymous_7)
FN:66,(anonymous_8)
FNF:8
FNH:7
FNDA:4,(anonymous_1)
FNDA:0,(anonymous_2)
FNDA:2,(anonymous_3)
FNDA:2,(anonymous_4)
FNDA:2,(anonymous_5)
FNDA:6,(anonymous_6)
FNDA:2,(anonymous_7)
FNDA:10,(anonymous_8)
DA:1,4
DA:16,4
DA:17,4
DA:18,4
DA:19,4
DA:20,4
DA:21,4
DA:25,0
DA:26,0
DA:29,0
DA:30,0
DA:33,0
DA:34,0
DA:37,0
DA:38,0
DA:41,0
DA:42,0
DA:47,2
DA:51,2
DA:55,2
DA:59,6
DA:63,2
DA:67,10
LF:23
LH:13
BRDA:25,0,0,0
BRDA:29,1,0,0
BRDA:33,2,0,0
BRDA:37,3,0,0
BRDA:41,4,0,0
BRF:5
BRH:0
end_of_record
TN:
SF:src\domain\customer\entity\customer.ts
FN:10,(anonymous_1)
FN:16,(anonymous_2)
FN:20,(anonymous_3)
FN:24,(anonymous_4)
FN:28,(anonymous_5)
FN:37,(anonymous_6)
FN:42,(anonymous_7)
FN:46,(anonymous_8)
FN:50,(anonymous_9)
FN:54,(anonymous_10)
FN:61,(anonymous_11)
FN:65,(anonymous_12)
FN:69,(anonymous_13)
FNF:13
FNH:8
FNDA:1,(anonymous_1)
FNDA:3,(anonymous_2)
FNDA:1,(anonymous_3)
FNDA:1,(anonymous_4)
FNDA:1,(anonymous_5)
FNDA:0,(anonymous_6)
FNDA:4,(anonymous_7)
FNDA:1,(anonymous_8)
FNDA:1,(anonymous_9)
FNDA:0,(anonymous_10)
FNDA:0,(anonymous_11)
FNDA:0,(anonymous_12)
FNDA:0,(anonymous_13)
DA:3,1
DA:5,1
DA:7,1
DA:8,1
DA:11,1
DA:12,1
DA:13,1
DA:17,3
DA:21,1
DA:25,1
DA:29,1
DA:30,0
DA:32,1
DA:33,0
DA:38,0
DA:39,0
DA:43,4
DA:47,1
DA:51,1
DA:55,0
DA:56,0
DA:58,0
DA:62,0
DA:66,0
DA:70,0
LF:25
LH:15
BRDA:29,0,0,0
BRDA:32,1,0,0
BRDA:55,2,0,0
BRF:3
BRH:0
end_of_record
TN:
SF:src\domain\customer\value-object\address.ts
FN:7,(anonymous_1)
FN:16,(anonymous_2)
FN:20,(anonymous_3)
FN:24,(anonymous_4)
FN:28,(anonymous_5)
FN:32,(anonymous_6)
FN:47,(anonymous_7)
FNF:7
FNH:6
FNDA:1,(anonymous_1)
FNDA:1,(anonymous_2)
FNDA:1,(anonymous_3)
FNDA:1,(anonymous_4)
FNDA:1,(anonymous_5)
FNDA:1,(anonymous_6)
FNDA:0,(anonymous_7)
DA:1,1
DA:2,1
DA:3,1
DA:4,1
DA:5,1
DA:8,1
DA:9,1
DA:10,1
DA:11,1
DA:13,1
DA:17,1
DA:21,1
DA:25,1
DA:29,1
DA:33,1
DA:34,0
DA:36,1
DA:37,0
DA:39,1
DA:40,0
DA:42,1
DA:43,0
DA:48,0
LF:23
LH:18
BRDA:33,0,0,0
BRDA:36,1,0,0
BRDA:39,2,0,0
BRDA:42,3,0,0
BRF:4
BRH:0
end_of_record
TN:
SF:src\domain\product\entity\product.ts
FN:8,(anonymous_1)
FN:15,(anonymous_2)
FN:19,(anonymous_3)
FN:23,(anonymous_4)
FN:27,(anonymous_5)
FN:32,(anonymous_6)
FN:37,(anonymous_7)
FNF:7
FNH:5
FNDA:1,(anonymous_1)
FNDA:3,(anonymous_2)
FNDA:3,(anonymous_3)
FNDA:3,(anonymous_4)
FNDA:0,(anonymous_5)
FNDA:0,(anonymous_6)
FNDA:1,(anonymous_7)
DA:3,1
DA:9,1
DA:10,1
DA:11,1
DA:12,1
DA:16,3
DA:20,3
DA:24,3
DA:28,0
DA:29,0
DA:33,0
DA:34,0
DA:38,1
DA:39,0
DA:41,1
DA:42,0
DA:44,1
DA:45,0
DA:47,1
LF:19
LH:12
BRDA:38,0,0,0
BRDA:41,1,0,0
BRDA:44,2,0,0
BRF:3
BRH:0
end_of_record
TN:
SF:src\infrastructure\customer\repository\sequelize\customer.model.ts
FNF:0
FNH:0
DA:6,1
DA:12,11
LF:2
LH:2
BRF:0
BRH:0
end_of_record
TN:
SF:src\infrastructure\customer\repository\sequelize\customer.repository.ts
FN:7,(anonymous_2)
FN:20,(anonymous_3)
FN:39,(anonymous_4)
FN:63,(anonymous_5)
FN:66,(anonymous_6)
FNF:5
FNH:1
FNDA:1,(anonymous_2)
FNDA:0,(anonymous_3)
FNDA:0,(anonymous_4)
FNDA:0,(anonymous_5)
FNDA:0,(anonymous_6)
DA:1,1
DA:2,1
DA:4,1
DA:6,1
DA:8,1
DA:21,0
DA:41,0
DA:42,0
DA:49,0
DA:52,0
DA:53,0
DA:59,0
DA:60,0
DA:64,0
DA:66,0
DA:67,0
DA:68,0
DA:69,0
DA:75,0
DA:76,0
DA:77,0
DA:79,0
DA:82,0
LF:23
LH:5
BRDA:76,0,0,0
BRF:1
BRH:0
end_of_record
TN:
SF:src\infrastructure\order\repository\sequilize\order-item.model.ts
FN:22,(anonymous_4)
FN:26,(anonymous_5)
FN:29,(anonymous_6)
FN:33,(anonymous_7)
FNF:4
FNH:4
FNDA:5,(anonymous_4)
FNDA:2,(anonymous_5)
FNDA:2,(anonymous_6)
FNDA:2,(anonymous_7)
DA:8,1
DA:9,1
DA:10,1
DA:17,10
DA:22,5
DA:26,2
DA:29,2
DA:33,2
LF:8
LH:8
BRDA:27,0,0,0
BRDA:27,0,1,1
BRDA:34,1,0,0
BRDA:34,1,1,1
BRF:4
BRH:2
end_of_record
TN:
SF:src\infrastructure\order\repository\sequilize\order.model.ts
FN:22,(anonymous_4)
FN:26,(anonymous_5)
FN:29,(anonymous_6)
FNF:3
FNH:3
FNDA:1,(anonymous_4)
FNDA:5,(anonymous_5)
FNDA:5,(anonymous_6)
DA:9,1
DA:10,1
DA:11,1
DA:17,11
DA:22,1
DA:26,5
DA:29,5
LF:7
LH:7
BRDA:27,0,0,0
BRDA:27,0,1,1
BRF:2
BRH:1
end_of_record
TN:
SF:src\infrastructure\order\repository\sequilize\order.repository.ts
FN:6,orderItemModelToOrderItem
FN:11,(anonymous_3)
FN:17,(anonymous_4)
FN:31,(anonymous_5)
FN:33,(anonymous_6)
FN:38,(anonymous_7)
FN:54,(anonymous_8)
FN:73,(anonymous_9)
FN:76,(anonymous_10)
FNF:9
FNH:5
FNDA:2,orderItemModelToOrderItem
FNDA:2,(anonymous_3)
FNDA:2,(anonymous_4)
FNDA:0,(anonymous_5)
FNDA:0,(anonymous_6)
FNDA:0,(anonymous_7)
FNDA:0,(anonymous_8)
FNDA:1,(anonymous_9)
FNDA:2,(anonymous_10)
DA:1,1
DA:2,1
DA:3,1
DA:4,1
DA:7,2
DA:10,1
DA:12,2
DA:17,2
DA:32,0
DA:33,0
DA:34,0
DA:38,0
DA:46,0
DA:47,0
DA:57,0
DA:58,0
DA:64,0
DA:67,0
DA:68,0
DA:70,0
DA:74,1
DA:76,1
DA:77,2
DA:78,2
DA:80,2
DA:83,1
LF:26
LH:14
BRF:0
BRH:0
end_of_record
TN:
SF:src\infrastructure\product\repository\sequelize\product.model.ts
FNF:0
FNH:0
DA:1,1
DA:7,12
LF:2
LH:2
BRF:0
BRH:0
end_of_record
TN:
SF:src\infrastructure\product\repository\sequelize\product.repository.ts
FN:6,(anonymous_2)
FN:14,(anonymous_3)
FN:28,(anonymous_4)
FN:33,(anonymous_5)
FN:35,(anonymous_6)
FNF:5
FNH:1
FNDA:1,(anonymous_2)
FNDA:0,(anonymous_3)
FNDA:0,(anonymous_4)
FNDA:0,(anonymous_5)
FNDA:0,(anonymous_6)
DA:1,1
DA:3,1
DA:5,1
DA:7,1
DA:15,0
DA:29,0
DA:30,0
DA:34,0
DA:35,0
DA:36,0
LF:10
LH:4
BRF:0
BRH:0
end_of_record
